2018-01-04T04:39:18.010Z - error: uncaughtException: Bad argument date=Thu Jan 04 2018 11:09:18 GMT+0630 (MMT), pid=4770, uid=1000, gid=1000, cwd=/home/yeyintkoko/workspace/temp/pdfreport, execPath=/home/yeyintkoko/.nvm/versions/node/v6.9.5/bin/node, version=v6.9.5, argv=[/home/yeyintkoko/.nvm/versions/node/v6.9.5/bin/node, /home/yeyintkoko/workspace/temp/pdfreport/index.js], rss=78405632, heapTotal=56758272, heapUsed=34510824, loadavg=[0.2568359375, 0.34228515625, 0.52978515625], uptime=3209, trace=[column=null, file=null, function=TypeError, line=null, method=null, native=true, column=26, file=internal/child_process.js, function=ChildProcess.spawn, line=289, method=spawn, native=false, column=9, file=child_process.js, function=exports.spawn, line=380, method=spawn, native=false, column=15, file=child_process.js, function=Object.exports.execFile, line=143, method=execFile, native=false, column=34, file=/home/yeyintkoko/workspace/temp/pdfreport/node_modules/jsreport-phantom-pdf/node_modules/phantom-html-to-pdf/lib/dedicatedProcessStrategy.js, function=null, line=47, method=null, native=false, column=10, file=/home/yeyintkoko/workspace/temp/pdfreport/node_modules/graceful-fs/graceful-fs.js, function=null, line=43, method=null, native=false, column=15, file=fs.js, function=FSReqWrap.oncomplete, line=123, method=oncomplete, native=false], stack=[TypeError: Bad argument,     at TypeError (native),     at ChildProcess.spawn (internal/child_process.js:289:26),     at exports.spawn (child_process.js:380:9),     at Object.exports.execFile (child_process.js:143:15),     at /home/yeyintkoko/workspace/temp/pdfreport/node_modules/jsreport-phantom-pdf/node_modules/phantom-html-to-pdf/lib/dedicatedProcessStrategy.js:47:34,     at /home/yeyintkoko/workspace/temp/pdfreport/node_modules/graceful-fs/graceful-fs.js:43:10,     at FSReqWrap.oncomplete (fs.js:123:15)]
2018-01-04T05:02:15.693Z - error: uncaughtException: Bad argument date=Thu Jan 04 2018 11:32:15 GMT+0630 (MMT), pid=5528, uid=1000, gid=1000, cwd=/home/yeyintkoko/workspace/temp/pdfreport, execPath=/home/yeyintkoko/.nvm/versions/node/v6.9.5/bin/node, version=v6.9.5, argv=[/home/yeyintkoko/.nvm/versions/node/v6.9.5/bin/node, /home/yeyintkoko/workspace/temp/pdfreport/index.js], rss=87269376, heapTotal=72486912, heapUsed=42705264, loadavg=[0.5126953125, 0.47216796875, 0.42919921875], uptime=4587, trace=[column=null, file=null, function=TypeError, line=null, method=null, native=true, column=26, file=internal/child_process.js, function=ChildProcess.spawn, line=289, method=spawn, native=false, column=9, file=child_process.js, function=exports.spawn, line=380, method=spawn, native=false, column=15, file=child_process.js, function=Object.exports.execFile, line=143, method=execFile, native=false, column=34, file=/home/yeyintkoko/workspace/temp/pdfreport/node_modules/jsreport-phantom-pdf/node_modules/phantom-html-to-pdf/lib/dedicatedProcessStrategy.js, function=null, line=47, method=null, native=false, column=10, file=/home/yeyintkoko/workspace/temp/pdfreport/node_modules/graceful-fs/graceful-fs.js, function=null, line=43, method=null, native=false, column=15, file=fs.js, function=FSReqWrap.oncomplete, line=123, method=oncomplete, native=false], stack=[TypeError: Bad argument,     at TypeError (native),     at ChildProcess.spawn (internal/child_process.js:289:26),     at exports.spawn (child_process.js:380:9),     at Object.exports.execFile (child_process.js:143:15),     at /home/yeyintkoko/workspace/temp/pdfreport/node_modules/jsreport-phantom-pdf/node_modules/phantom-html-to-pdf/lib/dedicatedProcessStrategy.js:47:34,     at /home/yeyintkoko/workspace/temp/pdfreport/node_modules/graceful-fs/graceful-fs.js:43:10,     at FSReqWrap.oncomplete (fs.js:123:15)]
2018-01-04T06:39:47.684Z - error: Error when processing render request Error during rendering report: Asset Invoice logo.png not found Error: Asset Invoice logo.png not found
    at /home/yeyintkoko/workspace/temp/pdfreport/node_modules/jsreport-assets/lib/assets.js:149:15
    at tryCatcher (/home/yeyintkoko/workspace/temp/pdfreport/node_modules/listener-collection/node_modules/bluebird/js/release/util.js:16:23)
    at Promise._settlePromiseFromHandler (/home/yeyintkoko/workspace/temp/pdfreport/node_modules/listener-collection/node_modules/bluebird/js/release/promise.js:512:31)
    at Promise._settlePromise (/home/yeyintkoko/workspace/temp/pdfreport/node_modules/listener-collection/node_modules/bluebird/js/release/promise.js:569:18)
    at Promise._settlePromise0 (/home/yeyintkoko/workspace/temp/pdfreport/node_modules/listener-collection/node_modules/bluebird/js/release/promise.js:614:10)
    at Promise._settlePromises (/home/yeyintkoko/workspace/temp/pdfreport/node_modules/listener-collection/node_modules/bluebird/js/release/promise.js:693:18)
    at Async._drainQueue (/home/yeyintkoko/workspace/temp/pdfreport/node_modules/listener-collection/node_modules/bluebird/js/release/async.js:133:16)
    at Async._drainQueues (/home/yeyintkoko/workspace/temp/pdfreport/node_modules/listener-collection/node_modules/bluebird/js/release/async.js:143:10)
    at Immediate.Async.drainQueues (/home/yeyintkoko/workspace/temp/pdfreport/node_modules/listener-collection/node_modules/bluebird/js/release/async.js:17:14)
    at runCallback (timers.js:649:20)
    at tryOnImmediate (timers.js:622:5)
    at processImmediate [as _immediateCallback] (timers.js:594:5) requestId=1
2018-01-04T06:39:47.829Z - error: Error when processing render request Error during rendering report: Asset Invoice logo.png not found Error: Asset Invoice logo.png not found
    at /home/yeyintkoko/workspace/temp/pdfreport/node_modules/jsreport-assets/lib/assets.js:149:15
    at tryCatcher (/home/yeyintkoko/workspace/temp/pdfreport/node_modules/listener-collection/node_modules/bluebird/js/release/util.js:16:23)
    at Promise._settlePromiseFromHandler (/home/yeyintkoko/workspace/temp/pdfreport/node_modules/listener-collection/node_modules/bluebird/js/release/promise.js:512:31)
    at Promise._settlePromise (/home/yeyintkoko/workspace/temp/pdfreport/node_modules/listener-collection/node_modules/bluebird/js/release/promise.js:569:18)
    at Promise._settlePromise0 (/home/yeyintkoko/workspace/temp/pdfreport/node_modules/listener-collection/node_modules/bluebird/js/release/promise.js:614:10)
    at Promise._settlePromises (/home/yeyintkoko/workspace/temp/pdfreport/node_modules/listener-collection/node_modules/bluebird/js/release/promise.js:693:18)
    at Async._drainQueue (/home/yeyintkoko/workspace/temp/pdfreport/node_modules/listener-collection/node_modules/bluebird/js/release/async.js:133:16)
    at Async._drainQueues (/home/yeyintkoko/workspace/temp/pdfreport/node_modules/listener-collection/node_modules/bluebird/js/release/async.js:143:10)
    at Immediate.Async.drainQueues (/home/yeyintkoko/workspace/temp/pdfreport/node_modules/listener-collection/node_modules/bluebird/js/release/async.js:17:14)
    at runCallback (timers.js:649:20)
    at tryOnImmediate (timers.js:622:5)
    at processImmediate [as _immediateCallback] (timers.js:594:5) requestId=2
2018-01-04T06:50:59.057Z - error: Error when processing render request Error during rendering report: Asset Invoice logo.jpg not found Error: Asset Invoice logo.jpg not found
    at /home/yeyintkoko/workspace/temp/pdfreport/node_modules/jsreport-assets/lib/assets.js:149:15
    at tryCatcher (/home/yeyintkoko/workspace/temp/pdfreport/node_modules/listener-collection/node_modules/bluebird/js/release/util.js:16:23)
    at Promise._settlePromiseFromHandler (/home/yeyintkoko/workspace/temp/pdfreport/node_modules/listener-collection/node_modules/bluebird/js/release/promise.js:512:31)
    at Promise._settlePromise (/home/yeyintkoko/workspace/temp/pdfreport/node_modules/listener-collection/node_modules/bluebird/js/release/promise.js:569:18)
    at Promise._settlePromise0 (/home/yeyintkoko/workspace/temp/pdfreport/node_modules/listener-collection/node_modules/bluebird/js/release/promise.js:614:10)
    at Promise._settlePromises (/home/yeyintkoko/workspace/temp/pdfreport/node_modules/listener-collection/node_modules/bluebird/js/release/promise.js:693:18)
    at Async._drainQueue (/home/yeyintkoko/workspace/temp/pdfreport/node_modules/listener-collection/node_modules/bluebird/js/release/async.js:133:16)
    at Async._drainQueues (/home/yeyintkoko/workspace/temp/pdfreport/node_modules/listener-collection/node_modules/bluebird/js/release/async.js:143:10)
    at Immediate.Async.drainQueues (/home/yeyintkoko/workspace/temp/pdfreport/node_modules/listener-collection/node_modules/bluebird/js/release/async.js:17:14)
    at runCallback (timers.js:649:20)
    at tryOnImmediate (timers.js:622:5)
    at processImmediate [as _immediateCallback] (timers.js:594:5) requestId=1
2018-01-04T06:50:59.111Z - error: Error when processing render request Error during rendering report: Asset Invoice logo.jpg not found Error: Asset Invoice logo.jpg not found
    at /home/yeyintkoko/workspace/temp/pdfreport/node_modules/jsreport-assets/lib/assets.js:149:15
    at tryCatcher (/home/yeyintkoko/workspace/temp/pdfreport/node_modules/listener-collection/node_modules/bluebird/js/release/util.js:16:23)
    at Promise._settlePromiseFromHandler (/home/yeyintkoko/workspace/temp/pdfreport/node_modules/listener-collection/node_modules/bluebird/js/release/promise.js:512:31)
    at Promise._settlePromise (/home/yeyintkoko/workspace/temp/pdfreport/node_modules/listener-collection/node_modules/bluebird/js/release/promise.js:569:18)
    at Promise._settlePromise0 (/home/yeyintkoko/workspace/temp/pdfreport/node_modules/listener-collection/node_modules/bluebird/js/release/promise.js:614:10)
    at Promise._settlePromises (/home/yeyintkoko/workspace/temp/pdfreport/node_modules/listener-collection/node_modules/bluebird/js/release/promise.js:693:18)
    at Async._drainQueue (/home/yeyintkoko/workspace/temp/pdfreport/node_modules/listener-collection/node_modules/bluebird/js/release/async.js:133:16)
    at Async._drainQueues (/home/yeyintkoko/workspace/temp/pdfreport/node_modules/listener-collection/node_modules/bluebird/js/release/async.js:143:10)
    at Immediate.Async.drainQueues (/home/yeyintkoko/workspace/temp/pdfreport/node_modules/listener-collection/node_modules/bluebird/js/release/async.js:17:14)
    at runCallback (timers.js:649:20)
    at tryOnImmediate (timers.js:622:5)
    at processImmediate [as _immediateCallback] (timers.js:594:5) requestId=2
2018-01-04T07:58:01.893Z - error: Error when processing render request Error during rendering report: Asset logo.jpg not found Error: Asset logo.jpg not found
    at /home/yeyintkoko/workspace/temp/pdfreport/node_modules/jsreport-assets/lib/assets.js:149:15
    at tryCatcher (/home/yeyintkoko/workspace/temp/pdfreport/node_modules/listener-collection/node_modules/bluebird/js/release/util.js:16:23)
    at Promise._settlePromiseFromHandler (/home/yeyintkoko/workspace/temp/pdfreport/node_modules/listener-collection/node_modules/bluebird/js/release/promise.js:512:31)
    at Promise._settlePromise (/home/yeyintkoko/workspace/temp/pdfreport/node_modules/listener-collection/node_modules/bluebird/js/release/promise.js:569:18)
    at Promise._settlePromise0 (/home/yeyintkoko/workspace/temp/pdfreport/node_modules/listener-collection/node_modules/bluebird/js/release/promise.js:614:10)
    at Promise._settlePromises (/home/yeyintkoko/workspace/temp/pdfreport/node_modules/listener-collection/node_modules/bluebird/js/release/promise.js:693:18)
    at Async._drainQueue (/home/yeyintkoko/workspace/temp/pdfreport/node_modules/listener-collection/node_modules/bluebird/js/release/async.js:133:16)
    at Async._drainQueues (/home/yeyintkoko/workspace/temp/pdfreport/node_modules/listener-collection/node_modules/bluebird/js/release/async.js:143:10)
    at Immediate.Async.drainQueues (/home/yeyintkoko/workspace/temp/pdfreport/node_modules/listener-collection/node_modules/bluebird/js/release/async.js:17:14)
    at runCallback (timers.js:649:20)
    at tryOnImmediate (timers.js:622:5)
    at processImmediate [as _immediateCallback] (timers.js:594:5) requestId=1
2018-01-04T07:58:02.014Z - error: Error when processing render request Error during rendering report: Asset logo.jpg not found Error: Asset logo.jpg not found
    at /home/yeyintkoko/workspace/temp/pdfreport/node_modules/jsreport-assets/lib/assets.js:149:15
    at tryCatcher (/home/yeyintkoko/workspace/temp/pdfreport/node_modules/listener-collection/node_modules/bluebird/js/release/util.js:16:23)
    at Promise._settlePromiseFromHandler (/home/yeyintkoko/workspace/temp/pdfreport/node_modules/listener-collection/node_modules/bluebird/js/release/promise.js:512:31)
    at Promise._settlePromise (/home/yeyintkoko/workspace/temp/pdfreport/node_modules/listener-collection/node_modules/bluebird/js/release/promise.js:569:18)
    at Promise._settlePromise0 (/home/yeyintkoko/workspace/temp/pdfreport/node_modules/listener-collection/node_modules/bluebird/js/release/promise.js:614:10)
    at Promise._settlePromises (/home/yeyintkoko/workspace/temp/pdfreport/node_modules/listener-collection/node_modules/bluebird/js/release/promise.js:693:18)
    at Async._drainQueue (/home/yeyintkoko/workspace/temp/pdfreport/node_modules/listener-collection/node_modules/bluebird/js/release/async.js:133:16)
    at Async._drainQueues (/home/yeyintkoko/workspace/temp/pdfreport/node_modules/listener-collection/node_modules/bluebird/js/release/async.js:143:10)
    at Immediate.Async.drainQueues (/home/yeyintkoko/workspace/temp/pdfreport/node_modules/listener-collection/node_modules/bluebird/js/release/async.js:17:14)
    at runCallback (timers.js:649:20)
    at tryOnImmediate (timers.js:622:5)
    at processImmediate [as _immediateCallback] (timers.js:594:5) requestId=2
2018-01-04T08:00:03.057Z - error: Error when processing render request Error during rendering report: Asset logo.jpg not found Error: Asset logo.jpg not found
    at /home/yeyintkoko/workspace/temp/pdfreport/node_modules/jsreport-assets/lib/assets.js:149:15
    at tryCatcher (/home/yeyintkoko/workspace/temp/pdfreport/node_modules/listener-collection/node_modules/bluebird/js/release/util.js:16:23)
    at Promise._settlePromiseFromHandler (/home/yeyintkoko/workspace/temp/pdfreport/node_modules/listener-collection/node_modules/bluebird/js/release/promise.js:512:31)
    at Promise._settlePromise (/home/yeyintkoko/workspace/temp/pdfreport/node_modules/listener-collection/node_modules/bluebird/js/release/promise.js:569:18)
    at Promise._settlePromise0 (/home/yeyintkoko/workspace/temp/pdfreport/node_modules/listener-collection/node_modules/bluebird/js/release/promise.js:614:10)
    at Promise._settlePromises (/home/yeyintkoko/workspace/temp/pdfreport/node_modules/listener-collection/node_modules/bluebird/js/release/promise.js:693:18)
    at Async._drainQueue (/home/yeyintkoko/workspace/temp/pdfreport/node_modules/listener-collection/node_modules/bluebird/js/release/async.js:133:16)
    at Async._drainQueues (/home/yeyintkoko/workspace/temp/pdfreport/node_modules/listener-collection/node_modules/bluebird/js/release/async.js:143:10)
    at Immediate.Async.drainQueues (/home/yeyintkoko/workspace/temp/pdfreport/node_modules/listener-collection/node_modules/bluebird/js/release/async.js:17:14)
    at runCallback (timers.js:649:20)
    at tryOnImmediate (timers.js:622:5)
    at processImmediate [as _immediateCallback] (timers.js:594:5) requestId=3
2018-01-04T08:00:03.111Z - error: Error when processing render request Error during rendering report: Asset logo.jpg not found Error: Asset logo.jpg not found
    at /home/yeyintkoko/workspace/temp/pdfreport/node_modules/jsreport-assets/lib/assets.js:149:15
    at tryCatcher (/home/yeyintkoko/workspace/temp/pdfreport/node_modules/listener-collection/node_modules/bluebird/js/release/util.js:16:23)
    at Promise._settlePromiseFromHandler (/home/yeyintkoko/workspace/temp/pdfreport/node_modules/listener-collection/node_modules/bluebird/js/release/promise.js:512:31)
    at Promise._settlePromise (/home/yeyintkoko/workspace/temp/pdfreport/node_modules/listener-collection/node_modules/bluebird/js/release/promise.js:569:18)
    at Promise._settlePromise0 (/home/yeyintkoko/workspace/temp/pdfreport/node_modules/listener-collection/node_modules/bluebird/js/release/promise.js:614:10)
    at Promise._settlePromises (/home/yeyintkoko/workspace/temp/pdfreport/node_modules/listener-collection/node_modules/bluebird/js/release/promise.js:693:18)
    at Async._drainQueue (/home/yeyintkoko/workspace/temp/pdfreport/node_modules/listener-collection/node_modules/bluebird/js/release/async.js:133:16)
    at Async._drainQueues (/home/yeyintkoko/workspace/temp/pdfreport/node_modules/listener-collection/node_modules/bluebird/js/release/async.js:143:10)
    at Immediate.Async.drainQueues (/home/yeyintkoko/workspace/temp/pdfreport/node_modules/listener-collection/node_modules/bluebird/js/release/async.js:17:14)
    at runCallback (timers.js:649:20)
    at tryOnImmediate (timers.js:622:5)
    at processImmediate [as _immediateCallback] (timers.js:594:5) requestId=4
2018-01-04T08:00:03.713Z - error: Error when processing render request Error during rendering report: Asset logo.jpg not found Error: Asset logo.jpg not found
    at /home/yeyintkoko/workspace/temp/pdfreport/node_modules/jsreport-assets/lib/assets.js:149:15
    at tryCatcher (/home/yeyintkoko/workspace/temp/pdfreport/node_modules/listener-collection/node_modules/bluebird/js/release/util.js:16:23)
    at Promise._settlePromiseFromHandler (/home/yeyintkoko/workspace/temp/pdfreport/node_modules/listener-collection/node_modules/bluebird/js/release/promise.js:512:31)
    at Promise._settlePromise (/home/yeyintkoko/workspace/temp/pdfreport/node_modules/listener-collection/node_modules/bluebird/js/release/promise.js:569:18)
    at Promise._settlePromise0 (/home/yeyintkoko/workspace/temp/pdfreport/node_modules/listener-collection/node_modules/bluebird/js/release/promise.js:614:10)
    at Promise._settlePromises (/home/yeyintkoko/workspace/temp/pdfreport/node_modules/listener-collection/node_modules/bluebird/js/release/promise.js:693:18)
    at Async._drainQueue (/home/yeyintkoko/workspace/temp/pdfreport/node_modules/listener-collection/node_modules/bluebird/js/release/async.js:133:16)
    at Async._drainQueues (/home/yeyintkoko/workspace/temp/pdfreport/node_modules/listener-collection/node_modules/bluebird/js/release/async.js:143:10)
    at Immediate.Async.drainQueues (/home/yeyintkoko/workspace/temp/pdfreport/node_modules/listener-collection/node_modules/bluebird/js/release/async.js:17:14)
    at runCallback (timers.js:649:20)
    at tryOnImmediate (timers.js:622:5)
    at processImmediate [as _immediateCallback] (timers.js:594:5) requestId=5
2018-01-04T08:00:03.758Z - error: Error when processing render request Error during rendering report: Asset logo.jpg not found Error: Asset logo.jpg not found
    at /home/yeyintkoko/workspace/temp/pdfreport/node_modules/jsreport-assets/lib/assets.js:149:15
    at tryCatcher (/home/yeyintkoko/workspace/temp/pdfreport/node_modules/listener-collection/node_modules/bluebird/js/release/util.js:16:23)
    at Promise._settlePromiseFromHandler (/home/yeyintkoko/workspace/temp/pdfreport/node_modules/listener-collection/node_modules/bluebird/js/release/promise.js:512:31)
    at Promise._settlePromise (/home/yeyintkoko/workspace/temp/pdfreport/node_modules/listener-collection/node_modules/bluebird/js/release/promise.js:569:18)
    at Promise._settlePromise0 (/home/yeyintkoko/workspace/temp/pdfreport/node_modules/listener-collection/node_modules/bluebird/js/release/promise.js:614:10)
    at Promise._settlePromises (/home/yeyintkoko/workspace/temp/pdfreport/node_modules/listener-collection/node_modules/bluebird/js/release/promise.js:693:18)
    at Async._drainQueue (/home/yeyintkoko/workspace/temp/pdfreport/node_modules/listener-collection/node_modules/bluebird/js/release/async.js:133:16)
    at Async._drainQueues (/home/yeyintkoko/workspace/temp/pdfreport/node_modules/listener-collection/node_modules/bluebird/js/release/async.js:143:10)
    at Immediate.Async.drainQueues (/home/yeyintkoko/workspace/temp/pdfreport/node_modules/listener-collection/node_modules/bluebird/js/release/async.js:17:14)
    at runCallback (timers.js:649:20)
    at tryOnImmediate (timers.js:622:5)
    at processImmediate [as _immediateCallback] (timers.js:594:5) requestId=6
2018-01-04T13:56:05.450Z - error: Error when processing render request Error during rendering report: Asset Invoice logo.png not found Error: Asset Invoice logo.png not found
    at /home/yeyintkoko/workspace/temp/pdfreport/node_modules/jsreport-assets/lib/assets.js:149:15
    at tryCatcher (/home/yeyintkoko/workspace/temp/pdfreport/node_modules/listener-collection/node_modules/bluebird/js/release/util.js:16:23)
    at Promise._settlePromiseFromHandler (/home/yeyintkoko/workspace/temp/pdfreport/node_modules/listener-collection/node_modules/bluebird/js/release/promise.js:512:31)
    at Promise._settlePromise (/home/yeyintkoko/workspace/temp/pdfreport/node_modules/listener-collection/node_modules/bluebird/js/release/promise.js:569:18)
    at Promise._settlePromise0 (/home/yeyintkoko/workspace/temp/pdfreport/node_modules/listener-collection/node_modules/bluebird/js/release/promise.js:614:10)
    at Promise._settlePromises (/home/yeyintkoko/workspace/temp/pdfreport/node_modules/listener-collection/node_modules/bluebird/js/release/promise.js:693:18)
    at Async._drainQueue (/home/yeyintkoko/workspace/temp/pdfreport/node_modules/listener-collection/node_modules/bluebird/js/release/async.js:133:16)
    at Async._drainQueues (/home/yeyintkoko/workspace/temp/pdfreport/node_modules/listener-collection/node_modules/bluebird/js/release/async.js:143:10)
    at Immediate.Async.drainQueues (/home/yeyintkoko/workspace/temp/pdfreport/node_modules/listener-collection/node_modules/bluebird/js/release/async.js:17:14)
    at runCallback (timers.js:649:20)
    at tryOnImmediate (timers.js:622:5)
    at processImmediate [as _immediateCallback] (timers.js:594:5) requestId=1
2018-01-04T13:56:05.562Z - error: Error when processing render request Error during rendering report: Asset Invoice logo.png not found Error: Asset Invoice logo.png not found
    at /home/yeyintkoko/workspace/temp/pdfreport/node_modules/jsreport-assets/lib/assets.js:149:15
    at tryCatcher (/home/yeyintkoko/workspace/temp/pdfreport/node_modules/listener-collection/node_modules/bluebird/js/release/util.js:16:23)
    at Promise._settlePromiseFromHandler (/home/yeyintkoko/workspace/temp/pdfreport/node_modules/listener-collection/node_modules/bluebird/js/release/promise.js:512:31)
    at Promise._settlePromise (/home/yeyintkoko/workspace/temp/pdfreport/node_modules/listener-collection/node_modules/bluebird/js/release/promise.js:569:18)
    at Promise._settlePromise0 (/home/yeyintkoko/workspace/temp/pdfreport/node_modules/listener-collection/node_modules/bluebird/js/release/promise.js:614:10)
    at Promise._settlePromises (/home/yeyintkoko/workspace/temp/pdfreport/node_modules/listener-collection/node_modules/bluebird/js/release/promise.js:693:18)
    at Async._drainQueue (/home/yeyintkoko/workspace/temp/pdfreport/node_modules/listener-collection/node_modules/bluebird/js/release/async.js:133:16)
    at Async._drainQueues (/home/yeyintkoko/workspace/temp/pdfreport/node_modules/listener-collection/node_modules/bluebird/js/release/async.js:143:10)
    at Immediate.Async.drainQueues (/home/yeyintkoko/workspace/temp/pdfreport/node_modules/listener-collection/node_modules/bluebird/js/release/async.js:17:14)
    at runCallback (timers.js:649:20)
    at tryOnImmediate (timers.js:622:5)
    at processImmediate [as _immediateCallback] (timers.js:594:5) requestId=2
2018-01-04T14:24:14.298Z - error: Error when processing render request Error during rendering report: Missing helper: "toUpperCase" Error: Missing helper: "toUpperCase"
    at Object.<anonymous> (/home/yeyintkoko/workspace/temp/pdfreport/node_modules/handlebars/dist/cjs/handlebars/helpers/helper-missing.js:19:13)
    at Object.eval (eval at createFunctionContext (/home/yeyintkoko/workspace/temp/pdfreport/node_modules/handlebars/dist/cjs/handlebars/compiler/javascript-compiler.js:254:23), <anonymous>:11:84)
    at main (/home/yeyintkoko/workspace/temp/pdfreport/node_modules/handlebars/dist/cjs/handlebars/runtime.js:173:32)
    at ret (/home/yeyintkoko/workspace/temp/pdfreport/node_modules/handlebars/dist/cjs/handlebars/runtime.js:176:12)
    at ret (/home/yeyintkoko/workspace/temp/pdfreport/node_modules/handlebars/dist/cjs/handlebars/compiler/compiler.js:525:21)
    at /home/yeyintkoko/workspace/temp/pdfreport/node_modules/jsreport-handlebars/lib/handlebarsEngine.js:25:14
    at evalmachine.<anonymous>:1:41
    at ContextifyScript.Script.runInContext (vm.js:35:29)
    at ContextifyScript.Script.runInNewContext (vm.js:41:15)
    at Object.exports.runInNewContext (vm.js:72:17) requestId=1
2018-01-04T14:29:18.190Z - error: Error when processing render request Error during rendering report: Missing helper: "toUpperCase" Error: Missing helper: "toUpperCase"
    at Object.<anonymous> (/home/yeyintkoko/workspace/temp/pdfreport/node_modules/handlebars/dist/cjs/handlebars/helpers/helper-missing.js:19:13)
    at Object.eval (eval at createFunctionContext (/home/yeyintkoko/workspace/temp/pdfreport/node_modules/handlebars/dist/cjs/handlebars/compiler/javascript-compiler.js:254:23), <anonymous>:11:84)
    at main (/home/yeyintkoko/workspace/temp/pdfreport/node_modules/handlebars/dist/cjs/handlebars/runtime.js:173:32)
    at ret (/home/yeyintkoko/workspace/temp/pdfreport/node_modules/handlebars/dist/cjs/handlebars/runtime.js:176:12)
    at ret (/home/yeyintkoko/workspace/temp/pdfreport/node_modules/handlebars/dist/cjs/handlebars/compiler/compiler.js:525:21)
    at /home/yeyintkoko/workspace/temp/pdfreport/node_modules/jsreport-handlebars/lib/handlebarsEngine.js:25:14
    at evalmachine.<anonymous>:1:41
    at ContextifyScript.Script.runInContext (vm.js:35:29)
    at ContextifyScript.Script.runInNewContext (vm.js:41:15)
    at Object.exports.runInNewContext (vm.js:72:17) requestId=1
2018-01-04T14:30:40.092Z - error: Error when processing render request Error during rendering report: Missing helper: "toUpperCase" Error: Missing helper: "toUpperCase"
    at Object.<anonymous> (/home/yeyintkoko/workspace/temp/pdfreport/node_modules/handlebars/dist/cjs/handlebars/helpers/helper-missing.js:19:13)
    at Object.eval (eval at createFunctionContext (/home/yeyintkoko/workspace/temp/pdfreport/node_modules/handlebars/dist/cjs/handlebars/compiler/javascript-compiler.js:254:23), <anonymous>:11:84)
    at main (/home/yeyintkoko/workspace/temp/pdfreport/node_modules/handlebars/dist/cjs/handlebars/runtime.js:173:32)
    at ret (/home/yeyintkoko/workspace/temp/pdfreport/node_modules/handlebars/dist/cjs/handlebars/runtime.js:176:12)
    at ret (/home/yeyintkoko/workspace/temp/pdfreport/node_modules/handlebars/dist/cjs/handlebars/compiler/compiler.js:525:21)
    at /home/yeyintkoko/workspace/temp/pdfreport/node_modules/jsreport-handlebars/lib/handlebarsEngine.js:25:14
    at evalmachine.<anonymous>:1:41
    at ContextifyScript.Script.runInContext (vm.js:35:29)
    at ContextifyScript.Script.runInNewContext (vm.js:41:15)
    at Object.exports.runInNewContext (vm.js:72:17) requestId=1
2018-01-04T14:32:33.428Z - error: Error when processing render request Error during rendering report: Missing helper: "toUpperCase" Error: Missing helper: "toUpperCase"
    at Object.<anonymous> (/home/yeyintkoko/workspace/temp/pdfreport/node_modules/handlebars/dist/cjs/handlebars/helpers/helper-missing.js:19:13)
    at Object.eval (eval at createFunctionContext (/home/yeyintkoko/workspace/temp/pdfreport/node_modules/handlebars/dist/cjs/handlebars/compiler/javascript-compiler.js:254:23), <anonymous>:11:84)
    at main (/home/yeyintkoko/workspace/temp/pdfreport/node_modules/handlebars/dist/cjs/handlebars/runtime.js:173:32)
    at ret (/home/yeyintkoko/workspace/temp/pdfreport/node_modules/handlebars/dist/cjs/handlebars/runtime.js:176:12)
    at ret (/home/yeyintkoko/workspace/temp/pdfreport/node_modules/handlebars/dist/cjs/handlebars/compiler/compiler.js:525:21)
    at /home/yeyintkoko/workspace/temp/pdfreport/node_modules/jsreport-handlebars/lib/handlebarsEngine.js:25:14
    at evalmachine.<anonymous>:1:41
    at ContextifyScript.Script.runInContext (vm.js:35:29)
    at ContextifyScript.Script.runInNewContext (vm.js:41:15)
    at Object.exports.runInNewContext (vm.js:72:17) requestId=1
2018-01-04T14:34:57.831Z - error: Error when processing render request Error during rendering report: Missing helper: "toUpperCase" Error: Missing helper: "toUpperCase"
    at Object.<anonymous> (/home/yeyintkoko/workspace/temp/pdfreport/node_modules/handlebars/dist/cjs/handlebars/helpers/helper-missing.js:19:13)
    at Object.eval (eval at createFunctionContext (/home/yeyintkoko/workspace/temp/pdfreport/node_modules/handlebars/dist/cjs/handlebars/compiler/javascript-compiler.js:254:23), <anonymous>:11:84)
    at main (/home/yeyintkoko/workspace/temp/pdfreport/node_modules/handlebars/dist/cjs/handlebars/runtime.js:173:32)
    at ret (/home/yeyintkoko/workspace/temp/pdfreport/node_modules/handlebars/dist/cjs/handlebars/runtime.js:176:12)
    at ret (/home/yeyintkoko/workspace/temp/pdfreport/node_modules/handlebars/dist/cjs/handlebars/compiler/compiler.js:525:21)
    at /home/yeyintkoko/workspace/temp/pdfreport/node_modules/jsreport-handlebars/lib/handlebarsEngine.js:25:14
    at evalmachine.<anonymous>:1:41
    at ContextifyScript.Script.runInContext (vm.js:35:29)
    at ContextifyScript.Script.runInNewContext (vm.js:41:15)
    at Object.exports.runInNewContext (vm.js:72:17) requestId=1
2018-01-04T14:35:57.042Z - error: Error when processing render request Error during rendering report: Missing helper: "toUpperCase" Error: Missing helper: "toUpperCase"
    at Object.<anonymous> (/home/yeyintkoko/workspace/temp/pdfreport/node_modules/handlebars/dist/cjs/handlebars/helpers/helper-missing.js:19:13)
    at Object.eval (eval at createFunctionContext (/home/yeyintkoko/workspace/temp/pdfreport/node_modules/handlebars/dist/cjs/handlebars/compiler/javascript-compiler.js:254:23), <anonymous>:11:84)
    at main (/home/yeyintkoko/workspace/temp/pdfreport/node_modules/handlebars/dist/cjs/handlebars/runtime.js:173:32)
    at ret (/home/yeyintkoko/workspace/temp/pdfreport/node_modules/handlebars/dist/cjs/handlebars/runtime.js:176:12)
    at ret (/home/yeyintkoko/workspace/temp/pdfreport/node_modules/handlebars/dist/cjs/handlebars/compiler/compiler.js:525:21)
    at /home/yeyintkoko/workspace/temp/pdfreport/node_modules/jsreport-handlebars/lib/handlebarsEngine.js:25:14
    at evalmachine.<anonymous>:1:41
    at ContextifyScript.Script.runInContext (vm.js:35:29)
    at ContextifyScript.Script.runInNewContext (vm.js:41:15)
    at Object.exports.runInNewContext (vm.js:72:17) requestId=1
2018-01-04T14:36:36.914Z - error: Error when processing render request Error during rendering report: Missing helper: "toUpperCase" Error: Missing helper: "toUpperCase"
    at Object.<anonymous> (/home/yeyintkoko/workspace/temp/pdfreport/node_modules/handlebars/dist/cjs/handlebars/helpers/helper-missing.js:19:13)
    at Object.eval (eval at createFunctionContext (/home/yeyintkoko/workspace/temp/pdfreport/node_modules/handlebars/dist/cjs/handlebars/compiler/javascript-compiler.js:254:23), <anonymous>:11:84)
    at main (/home/yeyintkoko/workspace/temp/pdfreport/node_modules/handlebars/dist/cjs/handlebars/runtime.js:173:32)
    at ret (/home/yeyintkoko/workspace/temp/pdfreport/node_modules/handlebars/dist/cjs/handlebars/runtime.js:176:12)
    at ret (/home/yeyintkoko/workspace/temp/pdfreport/node_modules/handlebars/dist/cjs/handlebars/compiler/compiler.js:525:21)
    at /home/yeyintkoko/workspace/temp/pdfreport/node_modules/jsreport-handlebars/lib/handlebarsEngine.js:25:14
    at evalmachine.<anonymous>:1:41
    at ContextifyScript.Script.runInContext (vm.js:35:29)
    at ContextifyScript.Script.runInNewContext (vm.js:41:15)
    at Object.exports.runInNewContext (vm.js:72:17) requestId=1
2018-01-04T14:38:00.787Z - error: Error when processing render request Error during rendering report: Missing helper: "toUpperCase" Error: Missing helper: "toUpperCase"
    at Object.<anonymous> (/home/yeyintkoko/workspace/temp/pdfreport/node_modules/handlebars/dist/cjs/handlebars/helpers/helper-missing.js:19:13)
    at Object.eval (eval at createFunctionContext (/home/yeyintkoko/workspace/temp/pdfreport/node_modules/handlebars/dist/cjs/handlebars/compiler/javascript-compiler.js:254:23), <anonymous>:11:84)
    at main (/home/yeyintkoko/workspace/temp/pdfreport/node_modules/handlebars/dist/cjs/handlebars/runtime.js:173:32)
    at ret (/home/yeyintkoko/workspace/temp/pdfreport/node_modules/handlebars/dist/cjs/handlebars/runtime.js:176:12)
    at ret (/home/yeyintkoko/workspace/temp/pdfreport/node_modules/handlebars/dist/cjs/handlebars/compiler/compiler.js:525:21)
    at /home/yeyintkoko/workspace/temp/pdfreport/node_modules/jsreport-handlebars/lib/handlebarsEngine.js:25:14
    at evalmachine.<anonymous>:1:41
    at ContextifyScript.Script.runInContext (vm.js:35:29)
    at ContextifyScript.Script.runInNewContext (vm.js:41:15)
    at Object.exports.runInNewContext (vm.js:72:17) requestId=1
2018-01-04T14:38:37.214Z - error: Error when processing render request Error during rendering report: Missing helper: "toUpperCase" Error: Missing helper: "toUpperCase"
    at Object.<anonymous> (/home/yeyintkoko/workspace/temp/pdfreport/node_modules/handlebars/dist/cjs/handlebars/helpers/helper-missing.js:19:13)
    at Object.eval (eval at createFunctionContext (/home/yeyintkoko/workspace/temp/pdfreport/node_modules/handlebars/dist/cjs/handlebars/compiler/javascript-compiler.js:254:23), <anonymous>:11:84)
    at main (/home/yeyintkoko/workspace/temp/pdfreport/node_modules/handlebars/dist/cjs/handlebars/runtime.js:173:32)
    at ret (/home/yeyintkoko/workspace/temp/pdfreport/node_modules/handlebars/dist/cjs/handlebars/runtime.js:176:12)
    at ret (/home/yeyintkoko/workspace/temp/pdfreport/node_modules/handlebars/dist/cjs/handlebars/compiler/compiler.js:525:21)
    at /home/yeyintkoko/workspace/temp/pdfreport/node_modules/jsreport-handlebars/lib/handlebarsEngine.js:25:14
    at evalmachine.<anonymous>:1:41
    at ContextifyScript.Script.runInContext (vm.js:35:29)
    at ContextifyScript.Script.runInNewContext (vm.js:41:15)
    at Object.exports.runInNewContext (vm.js:72:17) requestId=1
